2016-11-27 22:50:38,653 [Worker-7] INFO  o.e.m.c.i.e.AbstractTransferListenerAdapter - Downloaded http://repo.springsource.org/release/junit/junit/4.11/junit-4.11.pom
2016-11-27 22:50:40,738 [Worker-7] INFO  o.e.m.c.i.e.AbstractTransferListenerAdapter - Downloaded https://repository.apache.org/content/repositories/snapshots/junit/junit/4.11/junit-4.11.pom
2016-11-27 22:50:41,130 [Worker-7] INFO  o.e.m.c.i.e.AbstractTransferListenerAdapter - Downloading http://repo.maven.apache.org/maven2/junit/junit/4.11/junit-4.11.pom
2016-11-27 22:50:41,289 [Worker-7] INFO  o.e.m.c.i.e.AbstractTransferListenerAdapter - Downloaded http://repo.maven.apache.org/maven2/junit/junit/4.11/junit-4.11.pom
2016-11-27 22:50:41,715 [Worker-7] INFO  o.e.m.c.i.e.AbstractTransferListenerAdapter - Downloaded http://repo.springsource.org/release/org/hamcrest/hamcrest-core/1.3/hamcrest-core-1.3.pom
2016-11-27 22:50:42,277 [Worker-7] INFO  o.e.m.c.i.e.AbstractTransferListenerAdapter - Downloaded https://repository.apache.org/content/repositories/snapshots/org/hamcrest/hamcrest-core/1.3/hamcrest-core-1.3.pom
2016-11-27 22:50:42,364 [Worker-7] INFO  o.e.m.c.i.e.AbstractTransferListenerAdapter - Downloading http://repo.maven.apache.org/maven2/org/hamcrest/hamcrest-core/1.3/hamcrest-core-1.3.pom
2016-11-27 22:50:42,561 [Worker-7] INFO  o.e.m.c.i.e.AbstractTransferListenerAdapter - Downloaded http://repo.maven.apache.org/maven2/org/hamcrest/hamcrest-core/1.3/hamcrest-core-1.3.pom
2016-11-27 22:50:42,983 [Worker-7] INFO  o.e.m.c.i.e.AbstractTransferListenerAdapter - Downloaded http://repo.springsource.org/release/org/hamcrest/hamcrest-parent/1.3/hamcrest-parent-1.3.pom
2016-11-27 22:50:43,688 [Worker-7] INFO  o.e.m.c.i.e.AbstractTransferListenerAdapter - Downloaded https://repository.apache.org/content/repositories/snapshots/org/hamcrest/hamcrest-parent/1.3/hamcrest-parent-1.3.pom
2016-11-27 22:50:43,774 [Worker-7] INFO  o.e.m.c.i.e.AbstractTransferListenerAdapter - Downloading http://repo.maven.apache.org/maven2/org/hamcrest/hamcrest-parent/1.3/hamcrest-parent-1.3.pom
2016-11-27 22:50:43,969 [Worker-7] INFO  o.e.m.c.i.e.AbstractTransferListenerAdapter - Downloaded http://repo.maven.apache.org/maven2/org/hamcrest/hamcrest-parent/1.3/hamcrest-parent-1.3.pom
2016-11-27 22:50:44,407 [Worker-7] INFO  o.e.m.c.i.e.AbstractTransferListenerAdapter - Downloaded http://repo.springsource.org/release/junit/junit/4.11/junit-4.11.jar
2016-11-27 22:50:46,149 [Worker-7] INFO  o.e.m.c.i.e.AbstractTransferListenerAdapter - Downloaded http://repo.springsource.org/release/org/hamcrest/hamcrest-core/1.3/hamcrest-core-1.3.jar
2016-11-27 22:50:46,924 [Worker-7] INFO  o.e.m.c.i.e.AbstractTransferListenerAdapter - Downloaded https://repository.apache.org/content/repositories/snapshots/junit/junit/4.11/junit-4.11.jar
2016-11-27 22:50:50,594 [Worker-7] INFO  o.e.m.c.i.e.AbstractTransferListenerAdapter - Downloaded https://repository.apache.org/content/repositories/snapshots/org/hamcrest/hamcrest-core/1.3/hamcrest-core-1.3.jar
2016-11-27 22:50:50,688 [Worker-7] INFO  o.e.m.c.i.e.AbstractTransferListenerAdapter - Downloading http://repo.maven.apache.org/maven2/junit/junit/4.11/junit-4.11.jar
2016-11-27 22:50:53,802 [Worker-7] INFO  o.e.m.c.i.e.AbstractTransferListenerAdapter - Downloaded http://repo.maven.apache.org/maven2/junit/junit/4.11/junit-4.11.jar
2016-11-27 22:50:53,890 [Worker-7] INFO  o.e.m.c.i.e.AbstractTransferListenerAdapter - Downloading http://repo.maven.apache.org/maven2/org/hamcrest/hamcrest-core/1.3/hamcrest-core-1.3.jar
2016-11-27 22:50:55,251 [Worker-7] INFO  o.e.m.c.i.e.AbstractTransferListenerAdapter - Downloaded http://repo.maven.apache.org/maven2/org/hamcrest/hamcrest-core/1.3/hamcrest-core-1.3.jar
2016-11-29 13:08:12,192 [main] ERROR o.e.m2e.editor.pom.OverviewPage - Failed to populate overview panel
java.lang.NullPointerException: null
	at org.eclipse.m2e.core.ui.internal.editing.PomEdits.performOnDOMDocument(PomEdits.java:510) ~[org.eclipse.m2e.core.ui_1.6.2.20150902-0002.jar:na]
	at org.eclipse.m2e.editor.pom.OverviewPage$17.run(OverviewPage.java:1129) ~[na:na]
	at org.eclipse.swt.widgets.RunnableLock.run(RunnableLock.java:35) [org.eclipse.swt.win32.win32.x86_64_3.104.1.v20150825-0743.jar:na]
	at org.eclipse.swt.widgets.Synchronizer.runAsyncMessages(Synchronizer.java:135) [org.eclipse.swt.win32.win32.x86_64_3.104.1.v20150825-0743.jar:na]
	at org.eclipse.swt.widgets.Display.runAsyncMessages(Display.java:4155) [org.eclipse.swt.win32.win32.x86_64_3.104.1.v20150825-0743.jar:na]
	at org.eclipse.swt.widgets.Display.msgFilterProc(Display.java:3487) [org.eclipse.swt.win32.win32.x86_64_3.104.1.v20150825-0743.jar:na]
	at org.eclipse.swt.internal.win32.OS.TrackPopupMenu(Native Method) [org.eclipse.swt.win32.win32.x86_64_3.104.1.v20150825-0743.jar:na]
	at org.eclipse.swt.widgets.Menu._setVisible(Menu.java:262) [org.eclipse.swt.win32.win32.x86_64_3.104.1.v20150825-0743.jar:na]
	at org.eclipse.swt.widgets.Display.runPopups(Display.java:4221) [org.eclipse.swt.win32.win32.x86_64_3.104.1.v20150825-0743.jar:na]
	at org.eclipse.swt.widgets.Display.readAndDispatch(Display.java:3763) [org.eclipse.swt.win32.win32.x86_64_3.104.1.v20150825-0743.jar:na]
	at org.eclipse.e4.ui.internal.workbench.swt.PartRenderingEngine$4.run(PartRenderingEngine.java:1127) [org.eclipse.e4.ui.workbench.swt_0.13.0.v20150504-0621.jar:na]
	at org.eclipse.core.databinding.observable.Realm.runWithDefault(Realm.java:337) [org.eclipse.core.databinding.observable_1.5.0.v20150422-0725.jar:na]
	at org.eclipse.e4.ui.internal.workbench.swt.PartRenderingEngine.run(PartRenderingEngine.java:1018) [org.eclipse.e4.ui.workbench.swt_0.13.0.v20150504-0621.jar:na]
	at org.eclipse.e4.ui.internal.workbench.E4Workbench.createAndRunUI(E4Workbench.java:156) [org.eclipse.e4.ui.workbench_1.3.0.v20150531-1948.jar:na]
	at org.eclipse.ui.internal.Workbench$5.run(Workbench.java:654) [org.eclipse.ui.workbench_3.107.0.v20150825-2206.jar:na]
	at org.eclipse.core.databinding.observable.Realm.runWithDefault(Realm.java:337) [org.eclipse.core.databinding.observable_1.5.0.v20150422-0725.jar:na]
	at org.eclipse.ui.internal.Workbench.createAndRunWorkbench(Workbench.java:598) [org.eclipse.ui.workbench_3.107.0.v20150825-2206.jar:na]
	at org.eclipse.ui.PlatformUI.createAndRunWorkbench(PlatformUI.java:150) [org.eclipse.ui.workbench_3.107.0.v20150825-2206.jar:na]
	at org.eclipse.ui.internal.ide.application.IDEApplication.start(IDEApplication.java:139) [org.eclipse.ui.ide.application_1.1.0.v20150422-0725.jar:na]
	at org.eclipse.equinox.internal.app.EclipseAppHandle.run(EclipseAppHandle.java:196) [org.eclipse.equinox.app_1.3.300.v20150423-1356.jar:na]
	at org.eclipse.core.runtime.internal.adaptor.EclipseAppLauncher.runApplication(EclipseAppLauncher.java:134) [org.eclipse.osgi_3.10.101.v20150820-1432.jar:na]
	at org.eclipse.core.runtime.internal.adaptor.EclipseAppLauncher.start(EclipseAppLauncher.java:104) [org.eclipse.osgi_3.10.101.v20150820-1432.jar:na]
	at org.eclipse.core.runtime.adaptor.EclipseStarter.run(EclipseStarter.java:380) [org.eclipse.osgi_3.10.101.v20150820-1432.jar:na]
	at org.eclipse.core.runtime.adaptor.EclipseStarter.run(EclipseStarter.java:235) [org.eclipse.osgi_3.10.101.v20150820-1432.jar:na]
	at sun.reflect.NativeMethodAccessorImpl.invoke0(Native Method) ~[na:1.8.0_25]
	at sun.reflect.NativeMethodAccessorImpl.invoke(Unknown Source) ~[na:1.8.0_25]
	at sun.reflect.DelegatingMethodAccessorImpl.invoke(Unknown Source) ~[na:1.8.0_25]
	at java.lang.reflect.Method.invoke(Unknown Source) ~[na:1.8.0_25]
	at org.eclipse.equinox.launcher.Main.invokeFramework(Main.java:669) [org.eclipse.equinox.launcher_1.3.100.v20150511-1540.jar:na]
	at org.eclipse.equinox.launcher.Main.basicRun(Main.java:608) [org.eclipse.equinox.launcher_1.3.100.v20150511-1540.jar:na]
	at org.eclipse.equinox.launcher.Main.run(Main.java:1515) [org.eclipse.equinox.launcher_1.3.100.v20150511-1540.jar:na]
